Watching for file changes with StatReloader
[05/Apr/2023 16:08:08] "POST /locations/get_all_locations HTTP/1.1" 200 308
[05/Apr/2023 16:08:08] "POST /get_welcome_message HTTP/1.1" 200 35
[05/Apr/2023 16:08:08] "POST /students/get_student_by_email HTTP/1.1" 200 276
[05/Apr/2023 16:08:08] "POST /students/get_status_for_all_locations HTTP/1.1" 200 99
[05/Apr/2023 16:08:08] "GET /media/images/profile_pictures/2020CSB1125_2023-04-05_051434.490878.jpg HTTP/1.1" 200 1063
[05/Apr/2023 16:08:08] "GET /locations/get_location_id/?index=0 HTTP/1.1" 200 18
[05/Apr/2023 16:08:08] "GET /locations/get_location_id/?index=1 HTTP/1.1" 200 18
[05/Apr/2023 16:08:08] "GET /locations/get_location_id/?index=3 HTTP/1.1" 200 18
[05/Apr/2023 16:08:08] "GET /locations/get_location_id/?index=4 HTTP/1.1" 200 18
[05/Apr/2023 16:08:08] "GET /locations/get_location_id/?index=5 HTTP/1.1" 200 18
[05/Apr/2023 16:08:08] "GET /locations/get_location_id/?index=2 HTTP/1.1" 200 18
[05/Apr/2023 16:08:08] "GET /locations/get_location_id/?index=2 HTTP/1.1" 200 18
[05/Apr/2023 16:08:08] "GET /locations/get_location_id/?index=5 HTTP/1.1" 200 18
[05/Apr/2023 16:08:08] "GET /locations/get_location_id/?index=3 HTTP/1.1" 200 18
[05/Apr/2023 16:08:08] "GET /locations/get_location_id/?index=1 HTTP/1.1" 200 18
[05/Apr/2023 16:08:08] "GET /locations/get_location_id/?index=4 HTTP/1.1" 200 18
[05/Apr/2023 16:08:08] "GET /students/get_location_count/?location_id=87 HTTP/1.1" 200 14
[05/Apr/2023 16:08:08] "GET /students/get_location_count/?location_id=89 HTTP/1.1" 200 14
[05/Apr/2023 16:08:08] "GET /students/get_location_count/?location_id=91 HTTP/1.1" 200 14
[05/Apr/2023 16:08:08] "GET /students/get_location_count/?location_id=90 HTTP/1.1" 200 14
[05/Apr/2023 16:08:08] "GET /students/get_location_count/?location_id=88 HTTP/1.1" 200 14
[05/Apr/2023 16:08:08] "GET /locations/get_location_id/?index=0 HTTP/1.1" 200 18
[05/Apr/2023 16:08:08] "GET /students/get_location_count/?location_id=86 HTTP/1.1" 200 14
[05/Apr/2023 16:08:08] "GET /students/get_location_count/?location_id=87 HTTP/1.1" 200 14
[05/Apr/2023 16:08:08] "GET /students/get_location_count/?location_id=89 HTTP/1.1" 200 14
[05/Apr/2023 16:08:08] "GET /students/get_location_count/?location_id=90 HTTP/1.1" 200 14
[05/Apr/2023 16:08:08] "GET /students/get_location_count/?location_id=88 HTTP/1.1" 200 14
[05/Apr/2023 16:08:08] "GET /students/get_location_count/?location_id=91 HTTP/1.1" 200 14
[05/Apr/2023 16:08:08] "GET /students/get_location_count/?location_id=86 HTTP/1.1" 200 14
